TN:
SF:src/index.js
FNF:0
FNH:0
DA:8,0
LF:1
LH:0
BRF:0
BRH:0
end_of_record
TN:
SF:src/reportWebVitals.js
FN:1,(anonymous_0)
FN:3,(anonymous_1)
FNF:2
FNH:0
FNDA:0,(anonymous_0)
FNDA:0,(anonymous_1)
DA:1,0
DA:2,0
DA:3,0
DA:4,0
DA:5,0
DA:6,0
DA:7,0
DA:8,0
LF:8
LH:0
BRDA:2,0,0,0
BRDA:2,0,1,0
BRDA:2,1,0,0
BRDA:2,1,1,0
BRF:4
BRH:0
end_of_record
TN:
SF:src/components/App.js
FN:17,(anonymous_0)
FN:30,(anonymous_1)
FN:37,(anonymous_2)
FN:45,(anonymous_3)
FN:47,(anonymous_4)
FN:56,(anonymous_5)
FN:58,(anonymous_6)
FN:65,(anonymous_7)
FN:70,(anonymous_8)
FN:74,(anonymous_9)
FN:90,(anonymous_10)
FN:119,(anonymous_11)
FN:137,(anonymous_12)
FN:141,(anonymous_13)
FN:161,(anonymous_14)
FN:165,(anonymous_15)
FN:167,(anonymous_16)
FN:186,(anonymous_17)
FN:191,(anonymous_18)
FN:194,(anonymous_19)
FN:197,(anonymous_20)
FN:198,(anonymous_21)
FN:201,(anonymous_22)
FN:202,(anonymous_23)
FNF:24
FNH:12
FNDA:14,(anonymous_0)
FNDA:13,(anonymous_1)
FNDA:4,(anonymous_2)
FNDA:1,(anonymous_3)
FNDA:1,(anonymous_4)
FNDA:0,(anonymous_5)
FNDA:0,(anonymous_6)
FNDA:13,(anonymous_7)
FNDA:12,(anonymous_8)
FNDA:12,(anonymous_9)
FNDA:7,(anonymous_10)
FNDA:7,(anonymous_11)
FNDA:0,(anonymous_12)
FNDA:0,(anonymous_13)
FNDA:0,(anonymous_14)
FNDA:0,(anonymous_15)
FNDA:0,(anonymous_16)
FNDA:0,(anonymous_17)
FNDA:27,(anonymous_18)
FNDA:7,(anonymous_19)
FNDA:0,(anonymous_20)
FNDA:0,(anonymous_21)
FNDA:0,(anonymous_22)
FNDA:0,(anonymous_23)
DA:18,14
DA:19,13
DA:26,13
DA:27,13
DA:31,13
DA:34,13
DA:38,4
DA:39,4
DA:46,1
DA:47,1
DA:48,1
DA:49,1
DA:57,0
DA:58,0
DA:59,0
DA:60,0
DA:68,13
DA:70,13
DA:71,12
DA:73,13
DA:74,13
DA:75,12
DA:76,12
DA:77,12
DA:90,13
DA:91,7
DA:92,7
DA:93,7
DA:94,7
DA:96,7
DA:97,7
DA:98,4
DA:99,4
DA:100,4
DA:102,3
DA:107,7
DA:108,7
DA:109,7
DA:110,7
DA:111,7
DA:118,7
DA:119,7
DA:120,7
DA:121,7
DA:122,5
DA:123,5
DA:138,0
DA:139,0
DA:140,0
DA:141,0
DA:142,0
DA:143,0
DA:144,0
DA:151,0
DA:152,0
DA:153,0
DA:163,0
DA:164,0
DA:165,0
DA:166,0
DA:167,0
DA:169,0
DA:170,0
DA:171,0
DA:172,0
DA:173,0
DA:175,0
DA:176,0
DA:177,0
DA:178,0
DA:180,0
DA:187,0
DA:188,0
DA:192,27
DA:194,7
DA:197,0
DA:198,0
DA:201,0
DA:202,0
LF:79
LH:44
BRDA:91,0,0,7
BRDA:91,0,1,0
BRDA:97,1,0,4
BRDA:97,1,1,3
BRDA:169,2,0,0
BRDA:169,2,1,0
BRF:6
BRH:3
end_of_record
TN:
SF:src/components/header/einkaufHeader.js
FN:7,EinkaufHeader
FN:20,(anonymous_1)
FN:21,(anonymous_2)
FN:31,(anonymous_3)
FN:60,(anonymous_4)
FNF:5
FNH:4
FNDA:27,EinkaufHeader
FNDA:7,(anonymous_1)
FNDA:0,(anonymous_2)
FNDA:22,(anonymous_3)
FNDA:53,(anonymous_4)
DA:20,27
DA:21,7
DA:22,0
DA:31,27
DA:32,22
DA:33,22
DA:34,22
DA:35,1
DA:37,22
DA:38,6
DA:40,22
DA:41,1
DA:43,22
DA:55,27
DA:67,53
LF:15
LH:14
BRDA:34,0,0,1
BRDA:34,0,1,21
BRDA:37,1,0,6
BRDA:37,1,1,16
BRDA:40,2,0,1
BRDA:40,2,1,21
BRF:6
BRH:6
end_of_record
TN:
SF:src/components/liste/containerListe.js
FN:12,ContainerListe
FN:19,(anonymous_1)
FNF:2
FNH:2
FNDA:69,ContainerListe
FNDA:5,(anonymous_1)
DA:13,69
DA:14,68
DA:15,68
DA:19,5
LF:4
LH:4
BRF:0
BRH:0
end_of_record
TN:
SF:src/components/liste/listItem/listElement.js
FN:16,ListElement
FN:28,(anonymous_1)
FN:36,(anonymous_2)
FN:52,(anonymous_3)
FN:70,(anonymous_4)
FN:79,(anonymous_5)
FN:80,(anonymous_6)
FN:81,(anonymous_7)
FN:119,(anonymous_8)
FN:129,(anonymous_9)
FNF:10
FNH:1
FNDA:10,ListElement
FNDA:0,(anonymous_1)
FNDA:0,(anonymous_2)
FNDA:0,(anonymous_3)
FNDA:0,(anonymous_4)
FNDA:0,(anonymous_5)
FNDA:0,(anonymous_6)
FNDA:0,(anonymous_7)
FNDA:0,(anonymous_8)
FNDA:0,(anonymous_9)
DA:17,10
DA:18,9
DA:19,9
DA:20,9
DA:21,9
DA:22,9
DA:28,9
DA:29,0
DA:30,0
DA:36,9
DA:37,0
DA:38,0
DA:44,0
DA:45,0
DA:52,9
DA:53,0
DA:54,0
DA:61,0
DA:63,0
DA:64,0
DA:70,9
DA:72,0
DA:73,0
DA:74,0
DA:75,0
DA:79,9
DA:80,9
DA:81,9
DA:83,9
DA:119,0
DA:129,0
LF:31
LH:14
BRDA:20,0,0,9
BRDA:20,0,1,0
BRDA:21,1,0,2
BRDA:21,1,1,7
BRDA:85,2,0,2
BRDA:85,2,1,7
BRF:6
BRH:5
end_of_record
TN:
SF:src/components/out/scripts/linenumber.js
FN:2,(anonymous_0)
FNF:1
FNH:0
FNDA:0,(anonymous_0)
DA:2,0
DA:3,0
DA:4,0
DA:5,0
DA:11,0
DA:12,0
DA:13,0
DA:14,0
DA:16,0
DA:17,0
DA:18,0
DA:19,0
DA:20,0
DA:21,0
LF:14
LH:0
BRDA:11,0,0,0
BRDA:11,0,1,0
BRDA:11,1,0,0
BRDA:11,1,1,0
BRDA:20,2,0,0
BRDA:20,2,1,0
BRF:6
BRH:0
end_of_record
TN:
SF:src/components/out/scripts/prettify/lang-css.js
FNF:0
FNH:0
DA:1,0
DA:2,0
LF:2
LH:0
BRF:0
BRH:0
end_of_record
TN:
SF:src/components/out/scripts/prettify/prettify.js
FN:2,(anonymous_0)
FN:2,L
FN:2,m
FN:2,e
FN:2,h
FN:3,(anonymous_5)
FN:4,y
FN:5,(anonymous_7)
FN:6,M
FN:6,m
FN:7,B
FN:7,x
FN:7,e
FN:8,(anonymous_13)
FN:9,u
FN:12,D
FN:12,e
FN:13,h
FN:13,b
FN:15,k
FN:15,C
FN:15,E
FN:25,(anonymous_22)
FN:25,(anonymous_23)
FN:25,m
FN:27,(anonymous_25)
FNF:26
FNH:0
FNDA:0,(anonymous_0)
FNDA:0,L
FNDA:0,m
FNDA:0,e
FNDA:0,h
FNDA:0,(anonymous_5)
FNDA:0,y
FNDA:0,(anonymous_7)
FNDA:0,M
FNDA:0,m
FNDA:0,B
FNDA:0,x
FNDA:0,e
FNDA:0,(anonymous_13)
FNDA:0,u
FNDA:0,D
FNDA:0,e
FNDA:0,h
FNDA:0,b
FNDA:0,k
FNDA:0,C
FNDA:0,E
FNDA:0,(anonymous_22)
FNDA:0,(anonymous_23)
FNDA:0,m
FNDA:0,(anonymous_25)
DA:1,0
DA:2,0
DA:3,0
DA:4,0
DA:5,0
DA:6,0
DA:7,0
DA:8,0
DA:9,0
DA:10,0
DA:11,0
DA:12,0
DA:13,0
DA:14,0
DA:15,0
DA:16,0
DA:17,0
DA:18,0
DA:19,0
DA:20,0
DA:21,0
DA:22,0
DA:23,0
DA:24,0
DA:25,0
DA:26,0
DA:27,0
LF:27
LH:0
BRDA:2,0,0,0
BRDA:2,0,1,0
BRDA:2,1,0,0
BRDA:2,1,1,0
BRDA:2,2,0,0
BRDA:2,2,1,0
BRDA:2,3,0,0
BRDA:2,3,1,0
BRDA:2,4,0,0
BRDA:2,4,1,0
BRDA:2,5,0,0
BRDA:2,5,1,0
BRDA:2,6,0,0
BRDA:2,6,1,0
BRDA:2,7,0,0
BRDA:2,7,1,0
BRDA:2,8,0,0
BRDA:2,8,1,0
BRDA:2,9,0,0
BRDA:2,9,1,0
BRDA:2,9,2,0
BRDA:2,9,3,0
BRDA:3,10,0,0
BRDA:3,10,1,0
BRDA:3,11,0,0
BRDA:3,11,1,0
BRDA:3,12,0,0
BRDA:3,12,1,0
BRDA:3,13,0,0
BRDA:3,13,1,0
BRDA:3,14,0,0
BRDA:3,14,1,0
BRDA:3,14,2,0
BRDA:3,15,0,0
BRDA:3,15,1,0
BRDA:3,15,2,0
BRDA:3,16,0,0
BRDA:3,16,1,0
BRDA:3,16,2,0
BRDA:3,17,0,0
BRDA:3,17,1,0
BRDA:3,18,0,0
BRDA:3,18,1,0
BRDA:3,19,0,0
BRDA:3,19,1,0
BRDA:4,20,0,0
BRDA:4,20,1,0
BRDA:4,21,0,0
BRDA:4,21,1,0
BRDA:4,22,0,0
BRDA:4,22,1,0
BRDA:4,23,0,0
BRDA:4,23,1,0
BRDA:4,23,2,0
BRDA:4,23,3,0
BRDA:4,24,0,0
BRDA:4,24,1,0
BRDA:4,25,0,0
BRDA:4,25,1,0
BRDA:4,26,0,0
BRDA:4,26,1,0
BRDA:4,27,0,0
BRDA:4,27,1,0
BRDA:4,27,2,0
BRDA:4,27,3,0
BRDA:5,28,0,0
BRDA:5,28,1,0
BRDA:5,28,2,0
BRDA:5,29,0,0
BRDA:5,29,1,0
BRDA:5,30,0,0
BRDA:5,30,1,0
BRDA:5,31,0,0
BRDA:5,31,1,0
BRDA:5,32,0,0
BRDA:5,32,1,0
BRDA:5,33,0,0
BRDA:5,33,1,0
BRDA:5,34,0,0
BRDA:5,34,1,0
BRDA:5,35,0,0
BRDA:5,35,1,0
BRDA:6,36,0,0
BRDA:6,36,1,0
BRDA:6,37,0,0
BRDA:6,37,1,0
BRDA:6,38,0,0
BRDA:6,38,1,0
BRDA:6,39,0,0
BRDA:6,39,1,0
BRDA:6,39,2,0
BRDA:6,40,0,0
BRDA:6,40,1,0
BRDA:6,41,0,0
BRDA:6,41,1,0
BRDA:6,42,0,0
BRDA:6,42,1,0
BRDA:6,43,0,0
BRDA:6,43,1,0
BRDA:6,44,0,0
BRDA:6,44,1,0
BRDA:7,45,0,0
BRDA:7,45,1,0
BRDA:7,46,0,0
BRDA:7,46,1,0
BRDA:7,47,0,0
BRDA:7,47,1,0
BRDA:7,48,0,0
BRDA:7,48,1,0
BRDA:7,49,0,0
BRDA:7,49,1,0
BRDA:7,50,0,0
BRDA:7,50,1,0
BRDA:8,51,0,0
BRDA:8,51,1,0
BRDA:8,52,0,0
BRDA:8,52,1,0
BRDA:8,53,0,0
BRDA:8,53,1,0
BRDA:8,54,0,0
BRDA:8,54,1,0
BRDA:8,55,0,0
BRDA:8,55,1,0
BRDA:8,56,0,0
BRDA:8,56,1,0
BRDA:8,57,0,0
BRDA:8,57,1,0
BRDA:8,58,0,0
BRDA:8,58,1,0
BRDA:8,59,0,0
BRDA:8,59,1,0
BRDA:8,60,0,0
BRDA:8,60,1,0
BRDA:9,61,0,0
BRDA:9,61,1,0
BRDA:9,62,0,0
BRDA:9,62,1,0
BRDA:9,63,0,0
BRDA:9,63,1,0
BRDA:9,64,0,0
BRDA:9,64,1,0
BRDA:10,65,0,0
BRDA:10,65,1,0
BRDA:10,66,0,0
BRDA:10,66,1,0
BRDA:10,67,0,0
BRDA:10,67,1,0
BRDA:10,68,0,0
BRDA:10,68,1,0
BRDA:11,69,0,0
BRDA:11,69,1,0
BRDA:11,70,0,0
BRDA:11,70,1,0
BRDA:11,71,0,0
BRDA:11,71,1,0
BRDA:12,72,0,0
BRDA:12,72,1,0
BRDA:12,73,0,0
BRDA:12,73,1,0
BRDA:12,73,2,0
BRDA:12,74,0,0
BRDA:12,74,1,0
BRDA:12,75,0,0
BRDA:12,75,1,0
BRDA:13,76,0,0
BRDA:13,76,1,0
BRDA:13,77,0,0
BRDA:13,77,1,0
BRDA:13,78,0,0
BRDA:13,78,1,0
BRDA:13,79,0,0
BRDA:13,79,1,0
BRDA:13,80,0,0
BRDA:13,80,1,0
BRDA:13,81,0,0
BRDA:13,81,1,0
BRDA:13,82,0,0
BRDA:13,82,1,0
BRDA:14,83,0,0
BRDA:14,83,1,0
BRDA:14,84,0,0
BRDA:14,84,1,0
BRDA:14,85,0,0
BRDA:14,85,1,0
BRDA:14,86,0,0
BRDA:14,86,1,0
BRDA:14,87,0,0
BRDA:14,87,1,0
BRDA:14,88,0,0
BRDA:14,88,1,0
BRDA:15,89,0,0
BRDA:15,89,1,0
BRDA:15,90,0,0
BRDA:15,90,1,0
BRDA:15,91,0,0
BRDA:15,91,1,0
BRDA:15,92,0,0
BRDA:15,92,1,0
BRDA:15,93,0,0
BRDA:15,93,1,0
BRDA:15,94,0,0
BRDA:15,94,1,0
BRDA:15,95,0,0
BRDA:15,95,1,0
BRDA:16,96,0,0
BRDA:16,96,1,0
BRDA:16,97,0,0
BRDA:16,97,1,0
BRDA:16,98,0,0
BRDA:16,98,1,0
BRDA:16,99,0,0
BRDA:16,99,1,0
BRDA:16,100,0,0
BRDA:16,100,1,0
BRDA:16,101,0,0
BRDA:16,101,1,0
BRDA:16,102,0,0
BRDA:16,102,1,0
BRDA:17,103,0,0
BRDA:17,103,1,0
BRDA:17,104,0,0
BRDA:17,104,1,0
BRDA:17,105,0,0
BRDA:17,105,1,0
BRDA:17,106,0,0
BRDA:17,106,1,0
BRDA:17,107,0,0
BRDA:17,107,1,0
BRDA:17,108,0,0
BRDA:17,108,1,0
BRDA:25,109,0,0
BRDA:25,109,1,0
BRDA:25,110,0,0
BRDA:25,110,1,0
BRDA:25,111,0,0
BRDA:25,111,1,0
BRDA:25,112,0,0
BRDA:25,112,1,0
BRDA:25,113,0,0
BRDA:25,113,1,0
BRDA:26,114,0,0
BRDA:26,114,1,0
BRDA:26,115,0,0
BRDA:26,115,1,0
BRDA:26,116,0,0
BRDA:26,116,1,0
BRDA:26,117,0,0
BRDA:26,117,1,0
BRDA:26,118,0,0
BRDA:26,118,1,0
BRDA:26,119,0,0
BRDA:26,119,1,0
BRDA:26,120,0,0
BRDA:26,120,1,0
BRDA:26,121,0,0
BRDA:26,121,1,0
BRDA:26,122,0,0
BRDA:26,122,1,0
BRDA:26,123,0,0
BRDA:26,123,1,0
BRDA:26,123,2,0
BRDA:26,123,3,0
BRDA:26,123,4,0
BRDA:26,124,0,0
BRDA:26,124,1,0
BRDA:26,125,0,0
BRDA:26,125,1,0
BRDA:26,126,0,0
BRDA:26,126,1,0
BRDA:26,127,0,0
BRDA:26,127,1,0
BRDA:26,128,0,0
BRDA:26,128,1,0
BRDA:26,129,0,0
BRDA:26,129,1,0
BRDA:27,130,0,0
BRDA:27,130,1,0
BRDA:27,131,0,0
BRDA:27,131,1,0
BRF:279
BRH:0
end_of_record
TN:
SF:src/components/ueberschrift/bereichUeberschrift.js
FN:4,BereichUeberschrift
FNF:1
FNH:1
FNDA:48,BereichUeberschrift
DA:6,48
LF:1
LH:1
BRF:0
BRH:0
end_of_record
TN:
SF:src/utils/axiosCalls.js
FN:12,AxiosCalls
FNF:1
FNH:1
FNDA:2,AxiosCalls
DA:3,4
DA:13,2
DA:14,2
DA:15,2
DA:16,2
DA:21,2
LF:6
LH:6
BRF:0
BRH:0
end_of_record
